<?xml version="1.0" encoding="UTF-8"?>
<!-- Generated by org.testng.reporters.JUnitXMLReporter -->
<testsuite ignored="3" hostname="LAPTOP-FUHBC40J" failures="0" tests="1" name="Default test" time="4.793" errors="0" timestamp="2025-04-04T01:56:06 IST">
  <testcase classname="testscripts.ManageNewsTest" name="verifyWhetherUserIsAbleToViewManageNewsPage" time="1.332"/>
  <testcase classname="testscripts.ManageNewsTest" name="verifyWhetherUserIsAbleToReset" time="0.0">
    <ignored/>
  </testcase> <!-- verifyWhetherUserIsAbleToReset -->
  <testcase classname="testscripts.ManageNewsTest" name="verifyWhetherUserIsAbleToCreateNewNews" time="0.0">
    <ignored/>
  </testcase> <!-- verifyWhetherUserIsAbleToCreateNewNews -->
  <testcase classname="testscripts.ManageNewsTest" name="verifyWhetherUserIsAbleToSearchNews" time="0.0">
    <ignored/>
  </testcase> <!-- verifyWhetherUserIsAbleToSearchNews -->
</testsuite> <!-- Default test -->
