<?xml version="1.0" encoding="UTF-8"?>
<testng-results ignored="0" total="1" passed="1" failed="0" skipped="0">
  <reporter-output>
  </reporter-output>
  <suite started-at="2025-04-04T01:56:02 IST" name="Default suite" finished-at="2025-04-04T01:56:06 IST" duration-ms="4793">
    <groups>
    </groups>
    <test started-at="2025-04-04T01:56:02 IST" name="Default test" finished-at="2025-04-04T01:56:06 IST" duration-ms="4793">
      <class name="testscripts.ManageNewsTest">
        <test-method is-config="true" signature="launchBrowser()[pri:0, instance:testscripts.ManageNewsTest@1ff4931d]" started-at="2025-04-04T01:56:02 IST" name="launchBrowser" finished-at="2025-04-04T01:56:05 IST" duration-ms="3392" status="PASS">
          <reporter-output>
          </reporter-output>
        </test-method> <!-- launchBrowser -->
        <test-method signature="verifyWhetherUserIsAbleToViewManageNewsPage()[pri:0, instance:testscripts.ManageNewsTest@1ff4931d]" started-at="2025-04-04T01:56:05 IST" name="verifyWhetherUserIsAbleToViewManageNewsPage" finished-at="2025-04-04T01:56:06 IST" duration-ms="1332" status="PASS">
          <reporter-output>
          </reporter-output>
        </test-method> <!-- verifyWhetherUserIsAbleToViewManageNewsPage -->
        <test-method is-config="true" signature="terminateSession(org.testng.ITestResult)[pri:0, instance:testscripts.ManageNewsTest@1ff4931d]" started-at="2025-04-04T01:56:06 IST" name="terminateSession" finished-at="2025-04-04T01:56:06 IST" duration-ms="3" status="PASS">
          <params>
            <param index="0">
              <value>
                <![CDATA[[TestResult name=verifyWhetherUserIsAbleToViewManageNewsPage status=SUCCESS method=ManageNewsTest.verifyWhetherUserIsAbleToViewManageNewsPage()[pri:0, instance:testscripts.ManageNewsTest@1ff4931d] output={null}]]]>
              </value>
            </param>
          </params>
          <reporter-output>
          </reporter-output>
        </test-method> <!-- terminateSession -->
      </class> <!-- testscripts.ManageNewsTest -->
    </test> <!-- Default test -->
  </suite> <!-- Default suite -->
</testng-results>
